#
# There is insufficient memory for the Java Runtime Environment to continue.
# Native memory allocation (mmap) failed to map 257949696 bytes. Error detail: G1 virtual space
# Possible reasons:
#   The system is out of physical RAM or swap space
#   This process is running with CompressedOops enabled, and the Java Heap may be blocking the growth of the native heap
# Possible solutions:
#   Reduce memory load on the system
#   Increase physical memory or swap space
#   Check if swap backing store is full
#   Decrease Java heap size (-Xmx/-Xms)
#   Decrease number of Java threads
#   Decrease Java thread stack sizes (-Xss)
#   Set larger code cache with -XX:ReservedCodeCacheSize=
#   JVM is running with Zero Based Compressed Oops mode in which the Java heap is
#     placed in the first 32GB address space. The Java Heap base address is the
#     maximum limit for the native heap growth. Please use -XX:HeapBaseMinAddress
#     to set the Java Heap base and to place the Java Heap above 32GB virtual address.
# This output file may be truncated or incomplete.
#
#  Out of Memory Error (os_windows.cpp:3828), pid=15916, tid=10840
#
# JRE version:  (21.0.4+13) (build )
# Java VM: OpenJDK 64-Bit Server VM (21.0.4+13-b509.17, mixed mode, sharing, tiered, compressed oops, compressed class ptrs, g1 gc, windows-amd64)
# No core dump will be written. Minidumps are not enabled by default on client versions of Windows
#

---------------  S U M M A R Y ------------

Command Line: git4idea.http.GitAskPassApp Username for 'https://github.com': 

Host: AMD Ryzen 5 5500U with Radeon Graphics         , 12 cores, 15G,  Windows 11 , 64 bit Build 22621 (10.0.22621.4391)
Time: Tue Dec  3 12:12:49 2024 Paris, Madrid elapsed time: 0.025689 seconds (0d 0h 0m 0s)

---------------  T H R E A D  ---------------

Current thread (0x0000019c1f1255b0):  JavaThread "Unknown thread" [_thread_in_vm, id=10840, stack(0x0000007ca5300000,0x0000007ca5400000) (1024K)]

Stack: [0x0000007ca5300000,0x0000007ca5400000]
Native frames: (J=compiled Java code, j=interpreted, Vv=VM code, C=native code)
V  [jvm.dll+0x6e36d9]
V  [jvm.dll+0x8c0bd3]
V  [jvm.dll+0x8c312e]
V  [jvm.dll+0x8c3813]
V  [jvm.dll+0x288256]
V  [jvm.dll+0x6dfe65]
V  [jvm.dll+0x6d433a]
V  [jvm.dll+0x36209b]
V  [jvm.dll+0x369c46]
V  [jvm.dll+0x3bbd76]
V  [jvm.dll+0x3bc048]
V  [jvm.dll+0x33485c]
V  [jvm.dll+0x33554b]
V  [jvm.dll+0x888039]
V  [jvm.dll+0x3c8ea8]
V  [jvm.dll+0x8711d8]
V  [jvm.dll+0x45d85e]
V  [jvm.dll+0x45f541]
C  [jli.dll+0x52ab]
C  [ucrtbase.dll+0x29333]
C  [KERNEL32.DLL+0x1259d]
C  [ntdll.dll+0x5af38]


---------------  P R O C E S S  ---------------

Threads class SMR info:
_java_thread_list=0x00007ffe56842108, length=0, elements={
}

Java Threads: ( => current thread )
Total: 0

Other Threads:
  0x0000019c1cd3e590 WorkerThread "GC Thread#0"                     [id=6136, stack(0x0000007ca5400000,0x0000007ca5500000) (1024K)]
  0x0000019c1f199b90 ConcurrentGCThread "G1 Main Marker"            [id=4932, stack(0x0000007ca5500000,0x0000007ca5600000) (1024K)]
  0x0000019c1cd3e930 WorkerThread "G1 Conc#0"                       [id=14044, stack(0x0000007ca5600000,0x0000007ca5700000) (1024K)]

[error occurred during error reporting (printing all threads), id 0xc0000005, EXCEPTION_ACCESS_VIOLATION (0xc0000005) at pc=0x00007ffe55f37917]
VM state: not at safepoint (not fully initialized)

VM Mutex/Monitor currently owned by a thread:  ([mutex/lock_event])
[0x00007ffe568b6a48] Heap_lock - owner thread: 0x0000019c1f1255b0

Heap address: 0x000000070ac00000, size: 3924 MB, Compressed Oops mode: Zero based, Oop shift amount: 3

CDS archive(s) mapped at: [0x0000000000000000-0x0000000000000000-0x0000000000000000), size 0, SharedBaseAddress: 0x0000000800000000, ArchiveRelocationMode: 1.
Narrow klass base: 0x0000000000000000, Narrow klass shift: 0, Narrow klass range: 0x0

GC Precious Log:
 CardTable entry size: 512
 Card Set container configuration: InlinePtr #cards 4 size 8 Array Of Cards #cards 16 size 48 Howl #buckets 8 coarsen threshold 3686 Howl Bitmap #cards 512 size 80 coarsen threshold 460 Card regions per heap region 1 cards per card region 4096

Heap:
 garbage-first heap   total 0K, used 0K [0x000000070ac00000, 0x0000000800000000)
  region size 2048K, 0 young (0K), 0 survivors (0K)
 Metaspace       used 0K, committed 0K, reserved 0K
  class space    used 0K, committed 0K, reserved 0K

Heap Regions: E=young(eden), S=young(survivor), O=old, HS=humongous(starts), HC=humongous(continues), CS=collection set, F=free, TAMS=top-at-mark-start, PB=parsable bottom

Card table byte_map: [0x0000019c32d30000,0x0000019c334e0000] _byte_map_base: 0x0000019c2f4da000

Marking Bits: (CMBitMap*) 0x0000019c1f189350
 Bits: [0x0000019c334e0000, 0x0000019c37230000)

GC Heap History (0 events):
No events

Dll operation events (1 events):
Event: 0.013 Loaded shared library D:\IntelliJ IDEA 2024.2.3\jbr\bin\java.dll

Deoptimization events (0 events):
No events

Classes loaded (0 events):
No events

Classes unloaded (0 events):
No events

Classes redefined (0 events):
No events

Internal exceptions (0 events):
No events

ZGC Phase Switch (0 events):
No events

VM Operations (0 events):
No events

Memory protections (0 events):
No events

Nmethod flushes (0 events):
No events

Events (0 events):
No events


Dynamic libraries:
0x00007ff6cc6c0000 - 0x00007ff6cc6ca000 	D:\IntelliJ IDEA 2024.2.3\jbr\bin\java.exe
0x00007ffeae210000 - 0x00007ffeae427000 	C:\windows\SYSTEM32\ntdll.dll
0x00007ffe6a040000 - 0x00007ffe6a05a000 	C:\Program Files\Avast Software\Avast\aswhook.dll
0x00007ffeace80000 - 0x00007ffeacf44000 	C:\windows\System32\KERNEL32.DLL
0x00007ffeab540000 - 0x00007ffeab8f9000 	C:\windows\System32\KERNELBASE.dll
0x00007ffeabb40000 - 0x00007ffeabc51000 	C:\windows\System32\ucrtbase.dll
0x00007ffe5d070000 - 0x00007ffe5d088000 	D:\IntelliJ IDEA 2024.2.3\jbr\bin\jli.dll
0x00007ffea4790000 - 0x00007ffea47ab000 	D:\IntelliJ IDEA 2024.2.3\jbr\bin\VCRUNTIME140.dll
0x00007ffeae020000 - 0x00007ffeae1ce000 	C:\windows\System32\USER32.dll
0x00007ffeabb10000 - 0x00007ffeabb36000 	C:\windows\System32\win32u.dll
0x00007ffe9ecc0000 - 0x00007ffe9ef52000 	C:\windows\WinSxS\amd64_microsoft.windows.common-controls_6595b64144ccf1df_6.0.22621.4391_none_2715d37f73803e96\COMCTL32.dll
0x00007ffeac120000 - 0x00007ffeac149000 	C:\windows\System32\GDI32.dll
0x00007ffeabf30000 - 0x00007ffeabfd7000 	C:\windows\System32\msvcrt.dll
0x00007ffeab900000 - 0x00007ffeaba1b000 	C:\windows\System32\gdi32full.dll
0x00007ffeabe90000 - 0x00007ffeabf2a000 	C:\windows\System32\msvcp_win.dll
0x00007ffead0a0000 - 0x00007ffead0d1000 	C:\windows\System32\IMM32.DLL
0x00007ffe93fe0000 - 0x00007ffe93fec000 	D:\IntelliJ IDEA 2024.2.3\jbr\bin\vcruntime140_1.dll
0x00007ffe581e0000 - 0x00007ffe5826d000 	D:\IntelliJ IDEA 2024.2.3\jbr\bin\msvcp140.dll
0x00007ffe55bf0000 - 0x00007ffe569a7000 	D:\IntelliJ IDEA 2024.2.3\jbr\bin\server\jvm.dll
0x00007ffeac160000 - 0x00007ffeac212000 	C:\windows\System32\ADVAPI32.dll
0x00007ffeadf70000 - 0x00007ffeae017000 	C:\windows\System32\sechost.dll
0x00007ffeab510000 - 0x00007ffeab538000 	C:\windows\System32\bcrypt.dll
0x00007ffeadba0000 - 0x00007ffeadcb4000 	C:\windows\System32\RPCRT4.dll
0x00007ffead0e0000 - 0x00007ffead151000 	C:\windows\System32\WS2_32.dll
0x00007ffeaade0000 - 0x00007ffeaae2d000 	C:\windows\SYSTEM32\POWRPROF.dll
0x00007ffea5da0000 - 0x00007ffea5dd4000 	C:\windows\SYSTEM32\WINMM.dll
0x00007ffea2850000 - 0x00007ffea285a000 	C:\windows\SYSTEM32\VERSION.dll
0x00007ffeaad70000 - 0x00007ffeaad83000 	C:\windows\SYSTEM32\UMPDC.dll
0x00007ffeaa530000 - 0x00007ffeaa548000 	C:\windows\SYSTEM32\kernel.appcore.dll
0x00007ffe92b00000 - 0x00007ffe92b0a000 	D:\IntelliJ IDEA 2024.2.3\jbr\bin\jimage.dll
0x00007ffea8a90000 - 0x00007ffea8cc2000 	C:\windows\SYSTEM32\DBGHELP.DLL
0x00007ffeac2b0000 - 0x00007ffeac63f000 	C:\windows\System32\combase.dll
0x00007ffead1c0000 - 0x00007ffead297000 	C:\windows\System32\OLEAUT32.dll
0x00007ffe9dc80000 - 0x00007ffe9dcb2000 	C:\windows\SYSTEM32\dbgcore.DLL
0x00007ffeaba90000 - 0x00007ffeabb0b000 	C:\windows\System32\bcryptPrimitives.dll
0x00007ffe8a690000 - 0x00007ffe8a6af000 	D:\IntelliJ IDEA 2024.2.3\jbr\bin\java.dll

dbghelp: loaded successfully - version: 4.0.5 - missing functions: none
symbol engine: initialized successfully - sym options: 0x614 - pdb path: .;D:\IntelliJ IDEA 2024.2.3\jbr\bin;C:\windows\SYSTEM32;C:\Program Files\Avast Software\Avast;C:\windows\WinSxS\amd64_microsoft.windows.common-controls_6595b64144ccf1df_6.0.22621.4391_none_2715d37f73803e96;D:\IntelliJ IDEA 2024.2.3\jbr\bin\server

VM Arguments:
java_command: git4idea.http.GitAskPassApp Username for 'https://github.com': 
java_class_path (initial): D:/IntelliJ IDEA 2024.2.3/plugins/vcs-git/lib/git4idea-rt.jar;D:/IntelliJ IDEA 2024.2.3/lib/externalProcess-rt.jar
Launcher Type: SUN_STANDARD

[Global flags]
     intx CICompilerCount                          = 4                                         {product} {ergonomic}
     uint ConcGCThreads                            = 3                                         {product} {ergonomic}
     uint G1ConcRefinementThreads                  = 10                                        {product} {ergonomic}
   size_t G1HeapRegionSize                         = 2097152                                   {product} {ergonomic}
    uintx GCDrainStackTargetSize                   = 64                                        {product} {ergonomic}
   size_t InitialHeapSize                          = 257949696                                 {product} {ergonomic}
   size_t MarkStackSize                            = 4194304                                   {product} {ergonomic}
   size_t MaxHeapSize                              = 4114612224                                {product} {ergonomic}
   size_t MinHeapDeltaBytes                        = 2097152                                   {product} {ergonomic}
   size_t MinHeapSize                              = 8388608                                   {product} {ergonomic}
    uintx NonNMethodCodeHeapSize                   = 5839372                                {pd product} {ergonomic}
    uintx NonProfiledCodeHeapSize                  = 122909434                              {pd product} {ergonomic}
    uintx ProfiledCodeHeapSize                     = 122909434                              {pd product} {ergonomic}
    uintx ReservedCodeCacheSize                    = 251658240                              {pd product} {ergonomic}
     bool SegmentedCodeCache                       = true                                      {product} {ergonomic}
   size_t SoftMaxHeapSize                          = 4114612224                             {manageable} {ergonomic}
     bool UseCompressedOops                        = true                           {product lp64_product} {ergonomic}
     bool UseG1GC                                  = true                                      {product} {ergonomic}
     bool UseLargePagesIndividualAllocation        = false                                  {pd product} {ergonomic}

Logging:
Log output configuration:
 #0: stdout all=warning uptime,level,tags foldmultilines=false
 #1: stderr all=off uptime,level,tags foldmultilines=false

Environment Variables:
JAVA_HOME=D:\Amazon Corretto\jdk17.0.13_11
PATH=D:\Git\mingw64\libexec\git-core;D:\Git\mingw64\libexec\git-core;D:\Git\mingw64\bin;D:\Git\usr\bin;C:\Users\cleme\bin;C:\Program Files (x86)\Common Files\Oracle\Java\java8path;C:\Program Files (x86)\Common Files\Oracle\Java\javapath;D:\Amazon Corretto\jdk17.0.13_11\bin;D:\VMware\bin;C:\windows\system32;C:\windows;C:\windows\System32\Wbem;C:\windows\System32\WindowsPowerShell\v1.0;C:\windows\System32\OpenSSH;C:\Program Files\dotnet;D:\php;D:\Git\cmd;D:\nodejs;C:\Program Files\Docker\Docker\resources\bin;C:\Users\cleme\scoop\shims;C:\Users\cleme\AppData\Local\Microsoft\WindowsApps;D:\Microsoft VS Code\bin;C:\Users\cleme\.dotnet\tools;C:\src\flutter\flutter\bin;D:\php;D:\GetComposer;C:\Users\cleme\AppData\Roaming\Composer\vendor\bin;D:\PostGreSQL\bin;C:\Users\cleme\AppData\Roaming\npm;D:\Ampps\mysql\bin
USERNAME=cleme
DISPLAY=:0.0
LC_ALL=en_US.UTF-8
TERM=xterm-256color
TMPDIR=C:\Users\cleme\AppData\Local\Temp
OS=Windows_NT
PROCESSOR_IDENTIFIER=AMD64 Family 23 Model 104 Stepping 1, AuthenticAMD
TMP=C:\Users\cleme\AppData\Local\Temp
TEMP=C:\Users\cleme\AppData\Local\Temp




Periodic native trim disabled

JNI global refs:
JNI global refs: 0, weak refs: 0

JNI global refs memory usage: 0, weak refs: 0

Process memory usage:
Resident Set Size: 12072K (0% of 16070604K total physical memory with 4094440K free physical memory)

OOME stack traces (most recent first):
Classloader memory used:

---------------  S Y S T E M  ---------------

OS:
 Windows 11 , 64 bit Build 22621 (10.0.22621.4391)
OS uptime: 0 days 20:10 hours
Hyper-V role detected

CPU: total 12 (initial active 12) (12 cores per cpu, 2 threads per core) family 23 model 104 stepping 1 microcode 0x0, cx8, cmov, fxsr, ht, mmx, 3dnowpref, sse, sse2, sse3, ssse3, sse4a, sse4.1, sse4.2, popcnt, lzcnt, tsc, tscinvbit, avx, avx2, aes, clmul, bmi1, bmi2, adx, sha, fma, vzeroupper, clflush, clflushopt, hv, rdtscp, rdpid, f16c
Processor Information for processor 0
  Max Mhz: 2100, Current Mhz: 1893, Mhz Limit: 2100
Processor Information for processor 1
  Max Mhz: 2100, Current Mhz: 1813, Mhz Limit: 2100
Processor Information for processor 2
  Max Mhz: 2100, Current Mhz: 1893, Mhz Limit: 2100
Processor Information for processor 3
  Max Mhz: 2100, Current Mhz: 1813, Mhz Limit: 2100
Processor Information for processor 4
  Max Mhz: 2100, Current Mhz: 1813, Mhz Limit: 2100
Processor Information for processor 5
  Max Mhz: 2100, Current Mhz: 1893, Mhz Limit: 2100
Processor Information for processor 6
  Max Mhz: 2100, Current Mhz: 1813, Mhz Limit: 2100
Processor Information for processor 7
  Max Mhz: 2100, Current Mhz: 1813, Mhz Limit: 2100
Processor Information for processor 8
  Max Mhz: 2100, Current Mhz: 1813, Mhz Limit: 2100
Processor Information for processor 9
  Max Mhz: 2100, Current Mhz: 1813, Mhz Limit: 2100
Processor Information for processor 10
  Max Mhz: 2100, Current Mhz: 1813, Mhz Limit: 2100
Processor Information for processor 11
  Max Mhz: 2100, Current Mhz: 1813, Mhz Limit: 2100

Memory: 4k page, system-wide physical 15693M (3998M free)
TotalPageFile size 17482M (AvailPageFile size 195M)
current process WorkingSet (physical memory assigned to process): 11M, peak: 11M
current process commit charge ("private bytes"): 64M, peak: 310M

vm_info: OpenJDK 64-Bit Server VM (21.0.4+13-b509.17) for windows-amd64 JRE (21.0.4+13-b509.17), built on 2024-09-04 by "builduser" with MS VC++ 16.10 / 16.11 (VS2019)

END.
